{"/Users/eren.kara/dev/trendyol/seoextension/src/background.ts": {"path":"/Users/eren.kara/dev/trendyol/seoextension/src/background.ts","statementMap":{"0":{"start":{"line":2,"column":14},"end":{"line":2,"column":23}},"1":{"start":{"line":3,"column":0},"end":{"line":6,"column":3}},"2":{"start":{"line":4,"column":4},"end":{"line":4,"column":39}},"3":{"start":{"line":5,"column":4},"end":{"line":5,"column":78}}},"fnMap":{"0":{"name":"(anonymous_0)","decl":{"start":{"line":3,"column":39},"end":{"line":3,"column":40}},"loc":{"start":{"line":3,"column":45},"end":{"line":6,"column":1}},"line":3}},"branchMap":{},"s":{"0":0,"1":0,"2":0,"3":0},"f":{"0":0},"b":{}}
,"/Users/eren.kara/dev/trendyol/seoextension/src/constants.ts": {"path":"/Users/eren.kara/dev/trendyol/seoextension/src/constants.ts","statementMap":{"0":{"start":{"line":2,"column":0},"end":{"line":2,"column":62}},"1":{"start":{"line":3,"column":0},"end":{"line":3,"column":55}},"2":{"start":{"line":5,"column":0},"end":{"line":9,"column":71}},"3":{"start":{"line":6,"column":4},"end":{"line":6,"column":40}},"4":{"start":{"line":7,"column":4},"end":{"line":7,"column":34}},"5":{"start":{"line":8,"column":4},"end":{"line":8,"column":48}},"6":{"start":{"line":11,"column":0},"end":{"line":15,"column":77}},"7":{"start":{"line":12,"column":4},"end":{"line":12,"column":44}},"8":{"start":{"line":13,"column":4},"end":{"line":13,"column":38}},"9":{"start":{"line":14,"column":4},"end":{"line":14,"column":52}}},"fnMap":{"0":{"name":"(anonymous_0)","decl":{"start":{"line":5,"column":1},"end":{"line":5,"column":2}},"loc":{"start":{"line":5,"column":25},"end":{"line":9,"column":1}},"line":5},"1":{"name":"(anonymous_1)","decl":{"start":{"line":11,"column":1},"end":{"line":11,"column":2}},"loc":{"start":{"line":11,"column":27},"end":{"line":15,"column":1}},"line":11}},"branchMap":{"0":{"loc":{"start":{"line":9,"column":18},"end":{"line":9,"column":69}},"type":"binary-expr","locations":[{"start":{"line":9,"column":18},"end":{"line":9,"column":38}},{"start":{"line":9,"column":43},"end":{"line":9,"column":68}}],"line":9},"1":{"loc":{"start":{"line":15,"column":20},"end":{"line":15,"column":75}},"type":"binary-expr","locations":[{"start":{"line":15,"column":20},"end":{"line":15,"column":42}},{"start":{"line":15,"column":47},"end":{"line":15,"column":74}}],"line":15}},"s":{"0":1,"1":1,"2":1,"3":1,"4":1,"5":1,"6":1,"7":1,"8":1,"9":1},"f":{"0":1,"1":1},"b":{"0":[1,1],"1":[1,1]},"_coverageSchema":"1a1c01bbd47fc00a2c39e90264f33305004495a9","hash":"049a268808e523e9fdee02a619dd0d9f42ff7ef0"}
,"/Users/eren.kara/dev/trendyol/seoextension/src/content.ts": {"path":"/Users/eren.kara/dev/trendyol/seoextension/src/content.ts","statementMap":{"0":{"start":{"line":2,"column":0},"end":{"line":2,"column":62}},"1":{"start":{"line":3,"column":26},"end":{"line":3,"column":62}},"2":{"start":{"line":4,"column":20},"end":{"line":4,"column":42}},"3":{"start":{"line":5,"column":0},"end":{"line":12,"column":3}},"4":{"start":{"line":6,"column":4},"end":{"line":7,"column":107}},"5":{"start":{"line":7,"column":8},"end":{"line":7,"column":107}},"6":{"start":{"line":8,"column":4},"end":{"line":9,"column":110}},"7":{"start":{"line":9,"column":8},"end":{"line":9,"column":110}},"8":{"start":{"line":10,"column":4},"end":{"line":11,"column":114}},"9":{"start":{"line":11,"column":8},"end":{"line":11,"column":114}}},"fnMap":{"0":{"name":"(anonymous_0)","decl":{"start":{"line":5,"column":37},"end":{"line":5,"column":38}},"loc":{"start":{"line":5,"column":78},"end":{"line":12,"column":1}},"line":5}},"branchMap":{"0":{"loc":{"start":{"line":6,"column":4},"end":{"line":7,"column":107}},"type":"if","locations":[{"start":{"line":6,"column":4},"end":{"line":7,"column":107}},{"start":{},"end":{}}],"line":6},"1":{"loc":{"start":{"line":8,"column":4},"end":{"line":9,"column":110}},"type":"if","locations":[{"start":{"line":8,"column":4},"end":{"line":9,"column":110}},{"start":{},"end":{}}],"line":8},"2":{"loc":{"start":{"line":10,"column":4},"end":{"line":11,"column":114}},"type":"if","locations":[{"start":{"line":10,"column":4},"end":{"line":11,"column":114}},{"start":{},"end":{}}],"line":10}},"s":{"0":0,"1":0,"2":0,"3":0,"4":0,"5":0,"6":0,"7":0,"8":0,"9":0},"f":{"0":0},"b":{"0":[0,0],"1":[0,0],"2":[0,0]}}
,"/Users/eren.kara/dev/trendyol/seoextension/src/options.ts": {"path":"/Users/eren.kara/dev/trendyol/seoextension/src/options.ts","statementMap":{"0":{"start":{"line":2,"column":11},"end":{"line":2,"column":47}},"1":{"start":{"line":3,"column":24},"end":{"line":3,"column":33}},"2":{"start":{"line":4,"column":27},"end":{"line":4,"column":71}},"3":{"start":{"line":9,"column":18},"end":{"line":9,"column":83}},"4":{"start":{"line":10,"column":4},"end":{"line":12,"column":5}},"5":{"start":{"line":11,"column":8},"end":{"line":11,"column":52}},"6":{"start":{"line":14,"column":16},"end":{"line":14,"column":42}},"7":{"start":{"line":15,"column":4},"end":{"line":15,"column":50}},"8":{"start":{"line":16,"column":4},"end":{"line":16,"column":39}},"9":{"start":{"line":20,"column":4},"end":{"line":36,"column":7}},"10":{"start":{"line":21,"column":27},"end":{"line":21,"column":37}},"11":{"start":{"line":23,"column":8},"end":{"line":35,"column":9}},"12":{"start":{"line":25,"column":25},"end":{"line":25,"column":57}},"13":{"start":{"line":26,"column":12},"end":{"line":26,"column":47}},"14":{"start":{"line":27,"column":12},"end":{"line":27,"column":55}},"15":{"start":{"line":29,"column":12},"end":{"line":31,"column":13}},"16":{"start":{"line":30,"column":16},"end":{"line":30,"column":56}},"17":{"start":{"line":33,"column":12},"end":{"line":33,"column":64}},"18":{"start":{"line":34,"column":12},"end":{"line":34,"column":37}},"19":{"start":{"line":39,"column":0},"end":{"line":39,"column":37}}},"fnMap":{"0":{"name":"handleButtonClick","decl":{"start":{"line":7,"column":9},"end":{"line":7,"column":26}},"loc":{"start":{"line":7,"column":34},"end":{"line":17,"column":1}},"line":7},"1":{"name":"constructOptions","decl":{"start":{"line":19,"column":9},"end":{"line":19,"column":25}},"loc":{"start":{"line":19,"column":40},"end":{"line":37,"column":1}},"line":19},"2":{"name":"(anonymous_2)","decl":{"start":{"line":20,"column":37},"end":{"line":20,"column":38}},"loc":{"start":{"line":20,"column":47},"end":{"line":36,"column":5}},"line":20}},"branchMap":{"0":{"loc":{"start":{"line":10,"column":4},"end":{"line":12,"column":5}},"type":"if","locations":[{"start":{"line":10,"column":4},"end":{"line":12,"column":5}},{"start":{},"end":{}}],"line":10},"1":{"loc":{"start":{"line":10,"column":8},"end":{"line":10,"column":43}},"type":"binary-expr","locations":[{"start":{"line":10,"column":8},"end":{"line":10,"column":15}},{"start":{"line":10,"column":19},"end":{"line":10,"column":43}}],"line":10},"2":{"loc":{"start":{"line":29,"column":12},"end":{"line":31,"column":13}},"type":"if","locations":[{"start":{"line":29,"column":12},"end":{"line":31,"column":13}},{"start":{},"end":{}}],"line":29}},"s":{"0":0,"1":0,"2":0,"3":0,"4":0,"5":0,"6":0,"7":0,"8":0,"9":0,"10":0,"11":0,"12":0,"13":0,"14":0,"15":0,"16":0,"17":0,"18":0,"19":0},"f":{"0":0,"1":0,"2":0},"b":{"0":[0,0],"1":[0,0],"2":[0,0]}}
,"/Users/eren.kara/dev/trendyol/seoextension/src/popup.ts": {"path":"/Users/eren.kara/dev/trendyol/seoextension/src/popup.ts","statementMap":{"0":{"start":{"line":2,"column":0},"end":{"line":2,"column":62}},"1":{"start":{"line":3,"column":20},"end":{"line":3,"column":42}},"2":{"start":{"line":4,"column":0},"end":{"line":16,"column":3}},"3":{"start":{"line":5,"column":4},"end":{"line":15,"column":12}},"4":{"start":{"line":6,"column":8},"end":{"line":8,"column":11}},"5":{"start":{"line":7,"column":12},"end":{"line":7,"column":34}},"6":{"start":{"line":9,"column":8},"end":{"line":11,"column":11}},"7":{"start":{"line":10,"column":12},"end":{"line":10,"column":32}},"8":{"start":{"line":12,"column":8},"end":{"line":14,"column":11}},"9":{"start":{"line":13,"column":12},"end":{"line":13,"column":44}},"10":{"start":{"line":18,"column":4},"end":{"line":36,"column":5}},"11":{"start":{"line":19,"column":8},"end":{"line":19,"column":64}},"12":{"start":{"line":20,"column":8},"end":{"line":20,"column":76}},"13":{"start":{"line":21,"column":8},"end":{"line":21,"column":72}},"14":{"start":{"line":22,"column":8},"end":{"line":22,"column":68}},"15":{"start":{"line":23,"column":8},"end":{"line":23,"column":80}},"16":{"start":{"line":24,"column":8},"end":{"line":24,"column":64}},"17":{"start":{"line":25,"column":8},"end":{"line":35,"column":9}},"18":{"start":{"line":26,"column":22},"end":{"line":26,"column":56}},"19":{"start":{"line":27,"column":12},"end":{"line":29,"column":13}},"20":{"start":{"line":28,"column":16},"end":{"line":28,"column":52}},"21":{"start":{"line":30,"column":12},"end":{"line":30,"column":31}},"22":{"start":{"line":31,"column":12},"end":{"line":31,"column":35}},"23":{"start":{"line":32,"column":12},"end":{"line":32,"column":39}},"24":{"start":{"line":33,"column":12},"end":{"line":33,"column":38}},"25":{"start":{"line":34,"column":12},"end":{"line":34,"column":43}},"26":{"start":{"line":39,"column":4},"end":{"line":41,"column":5}},"27":{"start":{"line":40,"column":8},"end":{"line":40,"column":80}},"28":{"start":{"line":44,"column":4},"end":{"line":50,"column":5}},"29":{"start":{"line":45,"column":59},"end":{"line":45,"column":77}},"30":{"start":{"line":46,"column":8},"end":{"line":46,"column":57}},"31":{"start":{"line":47,"column":8},"end":{"line":47,"column":55}},"32":{"start":{"line":48,"column":8},"end":{"line":48,"column":73}},"33":{"start":{"line":49,"column":8},"end":{"line":49,"column":79}}},"fnMap":{"0":{"name":"(anonymous_0)","decl":{"start":{"line":4,"column":57},"end":{"line":4,"column":58}},"loc":{"start":{"line":4,"column":73},"end":{"line":16,"column":1}},"line":4},"1":{"name":"(anonymous_1)","decl":{"start":{"line":5,"column":16},"end":{"line":5,"column":17}},"loc":{"start":{"line":5,"column":28},"end":{"line":15,"column":5}},"line":5},"2":{"name":"(anonymous_2)","decl":{"start":{"line":6,"column":86},"end":{"line":6,"column":87}},"loc":{"start":{"line":6,"column":106},"end":{"line":8,"column":9}},"line":6},"3":{"name":"(anonymous_3)","decl":{"start":{"line":9,"column":89},"end":{"line":9,"column":90}},"loc":{"start":{"line":9,"column":109},"end":{"line":11,"column":9}},"line":9},"4":{"name":"(anonymous_4)","decl":{"start":{"line":12,"column":93},"end":{"line":12,"column":94}},"loc":{"start":{"line":12,"column":113},"end":{"line":14,"column":9}},"line":12},"5":{"name":"setMetaTags","decl":{"start":{"line":17,"column":9},"end":{"line":17,"column":20}},"loc":{"start":{"line":17,"column":27},"end":{"line":37,"column":1}},"line":17},"6":{"name":"setLDJson","decl":{"start":{"line":38,"column":9},"end":{"line":38,"column":18}},"loc":{"start":{"line":38,"column":29},"end":{"line":42,"column":1}},"line":38},"7":{"name":"setPerformanceMetrics","decl":{"start":{"line":43,"column":9},"end":{"line":43,"column":30}},"loc":{"start":{"line":43,"column":51},"end":{"line":51,"column":1}},"line":43}},"branchMap":{"0":{"loc":{"start":{"line":18,"column":4},"end":{"line":36,"column":5}},"type":"if","locations":[{"start":{"line":18,"column":4},"end":{"line":36,"column":5}},{"start":{},"end":{}}],"line":18},"1":{"loc":{"start":{"line":25,"column":8},"end":{"line":35,"column":9}},"type":"if","locations":[{"start":{"line":25,"column":8},"end":{"line":35,"column":9}},{"start":{},"end":{}}],"line":25},"2":{"loc":{"start":{"line":27,"column":12},"end":{"line":29,"column":13}},"type":"if","locations":[{"start":{"line":27,"column":12},"end":{"line":29,"column":13}},{"start":{},"end":{}}],"line":27},"3":{"loc":{"start":{"line":39,"column":4},"end":{"line":41,"column":5}},"type":"if","locations":[{"start":{"line":39,"column":4},"end":{"line":41,"column":5}},{"start":{},"end":{}}],"line":39},"4":{"loc":{"start":{"line":39,"column":8},"end":{"line":39,"column":39}},"type":"binary-expr","locations":[{"start":{"line":39,"column":8},"end":{"line":39,"column":16}},{"start":{"line":39,"column":20},"end":{"line":39,"column":39}}],"line":39},"5":{"loc":{"start":{"line":44,"column":4},"end":{"line":50,"column":5}},"type":"if","locations":[{"start":{"line":44,"column":4},"end":{"line":50,"column":5}},{"start":{},"end":{}}],"line":44}},"s":{"0":0,"1":0,"2":0,"3":0,"4":0,"5":0,"6":0,"7":0,"8":0,"9":0,"10":0,"11":0,"12":0,"13":0,"14":0,"15":0,"16":0,"17":0,"18":0,"19":0,"20":0,"21":0,"22":0,"23":0,"24":0,"25":0,"26":0,"27":0,"28":0,"29":0,"30":0,"31":0,"32":0,"33":0},"f":{"0":0,"1":0,"2":0,"3":0,"4":0,"5":0,"6":0,"7":0},"b":{"0":[0,0],"1":[0,0],"2":[0,0],"3":[0,0],"4":[0,0],"5":[0,0]}}
,"/Users/eren.kara/dev/trendyol/seoextension/src/crawler/crawler-factory.ts": {"path":"/Users/eren.kara/dev/trendyol/seoextension/src/crawler/crawler-factory.ts","statementMap":{"0":{"start":{"line":2,"column":0},"end":{"line":2,"column":62}},"1":{"start":{"line":3,"column":0},"end":{"line":3,"column":32}},"2":{"start":{"line":4,"column":20},"end":{"line":4,"column":43}},"3":{"start":{"line":5,"column":21},"end":{"line":5,"column":44}},"4":{"start":{"line":6,"column":23},"end":{"line":6,"column":48}},"5":{"start":{"line":7,"column":30},"end":{"line":7,"column":62}},"6":{"start":{"line":10,"column":8},"end":{"line":10,"column":34}},"7":{"start":{"line":11,"column":8},"end":{"line":11,"column":94}},"8":{"start":{"line":12,"column":8},"end":{"line":12,"column":91}},"9":{"start":{"line":13,"column":8},"end":{"line":13,"column":112}},"10":{"start":{"line":16,"column":8},"end":{"line":16,"column":63}},"11":{"start":{"line":19,"column":31},"end":{"line":19,"column":58}},"12":{"start":{"line":20,"column":8},"end":{"line":22,"column":9}},"13":{"start":{"line":21,"column":12},"end":{"line":21,"column":53}},"14":{"start":{"line":23,"column":8},"end":{"line":23,"column":74}},"15":{"start":{"line":26,"column":0},"end":{"line":26,"column":40}},"16":{"start":{"line":27,"column":0},"end":{"line":27,"column":31}}},"fnMap":{"0":{"name":"(anonymous_0)","decl":{"start":{"line":9,"column":4},"end":{"line":9,"column":5}},"loc":{"start":{"line":9,"column":18},"end":{"line":14,"column":5}},"line":9},"1":{"name":"(anonymous_1)","decl":{"start":{"line":15,"column":4},"end":{"line":15,"column":5}},"loc":{"start":{"line":15,"column":24},"end":{"line":17,"column":5}},"line":15},"2":{"name":"(anonymous_2)","decl":{"start":{"line":18,"column":4},"end":{"line":18,"column":5}},"loc":{"start":{"line":18,"column":21},"end":{"line":24,"column":5}},"line":18}},"branchMap":{"0":{"loc":{"start":{"line":16,"column":15},"end":{"line":16,"column":62}},"type":"binary-expr","locations":[{"start":{"line":16,"column":15},"end":{"line":16,"column":38}},{"start":{"line":16,"column":42},"end":{"line":16,"column":62}}],"line":16},"1":{"loc":{"start":{"line":20,"column":8},"end":{"line":22,"column":9}},"type":"if","locations":[{"start":{"line":20,"column":8},"end":{"line":22,"column":9}},{"start":{},"end":{}}],"line":20}},"s":{"0":0,"1":0,"2":0,"3":0,"4":0,"5":0,"6":0,"7":0,"8":0,"9":0,"10":0,"11":0,"12":0,"13":0,"14":0,"15":0,"16":0},"f":{"0":0,"1":0,"2":0},"b":{"0":[0,0],"1":[0,0]}}
,"/Users/eren.kara/dev/trendyol/seoextension/src/crawler/interface.ts": {"path":"/Users/eren.kara/dev/trendyol/seoextension/src/crawler/interface.ts","statementMap":{"0":{"start":{"line":2,"column":0},"end":{"line":2,"column":62}}},"fnMap":{},"branchMap":{},"s":{"0":0},"f":{},"b":{}}
,"/Users/eren.kara/dev/trendyol/seoextension/src/crawler/ld-crawler.ts": {"path":"/Users/eren.kara/dev/trendyol/seoextension/src/crawler/ld-crawler.ts","statementMap":{"0":{"start":{"line":2,"column":0},"end":{"line":2,"column":62}},"1":{"start":{"line":3,"column":0},"end":{"line":3,"column":31}},"2":{"start":{"line":4,"column":20},"end":{"line":4,"column":43}},"3":{"start":{"line":8,"column":8},"end":{"line":8,"column":53}},"4":{"start":{"line":11,"column":24},"end":{"line":11,"column":92}},"5":{"start":{"line":12,"column":8},"end":{"line":12,"column":57}},"6":{"start":{"line":12,"column":39},"end":{"line":12,"column":55}},"7":{"start":{"line":15,"column":0},"end":{"line":15,"column":38}}},"fnMap":{"0":{"name":"(anonymous_0)","decl":{"start":{"line":7,"column":4},"end":{"line":7,"column":5}},"loc":{"start":{"line":7,"column":18},"end":{"line":9,"column":5}},"line":7},"1":{"name":"(anonymous_1)","decl":{"start":{"line":10,"column":4},"end":{"line":10,"column":5}},"loc":{"start":{"line":10,"column":14},"end":{"line":13,"column":5}},"line":10},"2":{"name":"(anonymous_2)","decl":{"start":{"line":12,"column":27},"end":{"line":12,"column":28}},"loc":{"start":{"line":12,"column":39},"end":{"line":12,"column":55}},"line":12}},"branchMap":{},"s":{"0":0,"1":0,"2":0,"3":0,"4":0,"5":0,"6":0,"7":0},"f":{"0":0,"1":0,"2":0},"b":{}}
,"/Users/eren.kara/dev/trendyol/seoextension/src/crawler/meta-crawler.ts": {"path":"/Users/eren.kara/dev/trendyol/seoextension/src/crawler/meta-crawler.ts","statementMap":{"0":{"start":{"line":2,"column":0},"end":{"line":2,"column":62}},"1":{"start":{"line":3,"column":0},"end":{"line":3,"column":29}},"2":{"start":{"line":4,"column":20},"end":{"line":4,"column":43}},"3":{"start":{"line":7,"column":8},"end":{"line":7,"column":50}},"4":{"start":{"line":11,"column":28},"end":{"line":11,"column":145}},"5":{"start":{"line":12,"column":24},"end":{"line":12,"column":141}},"6":{"start":{"line":13,"column":30},"end":{"line":13,"column":102}},"7":{"start":{"line":14,"column":24},"end":{"line":14,"column":142}},"8":{"start":{"line":15,"column":26},"end":{"line":15,"column":136}},"9":{"start":{"line":16,"column":22},"end":{"line":16,"column":121}},"10":{"start":{"line":17,"column":22},"end":{"line":17,"column":36}},"11":{"start":{"line":18,"column":8},"end":{"line":18,"column":89}},"12":{"start":{"line":22,"column":0},"end":{"line":22,"column":34}}},"fnMap":{"0":{"name":"(anonymous_0)","decl":{"start":{"line":6,"column":4},"end":{"line":6,"column":5}},"loc":{"start":{"line":6,"column":18},"end":{"line":8,"column":5}},"line":6},"1":{"name":"(anonymous_1)","decl":{"start":{"line":9,"column":4},"end":{"line":9,"column":5}},"loc":{"start":{"line":9,"column":14},"end":{"line":19,"column":5}},"line":9}},"branchMap":{"0":{"loc":{"start":{"line":11,"column":28},"end":{"line":11,"column":145}},"type":"binary-expr","locations":[{"start":{"line":11,"column":29},"end":{"line":11,"column":138}},{"start":{"line":11,"column":143},"end":{"line":11,"column":145}}],"line":11},"1":{"loc":{"start":{"line":11,"column":29},"end":{"line":11,"column":138}},"type":"cond-expr","locations":[{"start":{"line":11,"column":119},"end":{"line":11,"column":125}},{"start":{"line":11,"column":128},"end":{"line":11,"column":138}}],"line":11},"2":{"loc":{"start":{"line":11,"column":29},"end":{"line":11,"column":116}},"type":"binary-expr","locations":[{"start":{"line":11,"column":29},"end":{"line":11,"column":99}},{"start":{"line":11,"column":103},"end":{"line":11,"column":116}}],"line":11},"3":{"loc":{"start":{"line":12,"column":24},"end":{"line":12,"column":141}},"type":"binary-expr","locations":[{"start":{"line":12,"column":25},"end":{"line":12,"column":134}},{"start":{"line":12,"column":139},"end":{"line":12,"column":141}}],"line":12},"4":{"loc":{"start":{"line":12,"column":25},"end":{"line":12,"column":134}},"type":"cond-expr","locations":[{"start":{"line":12,"column":115},"end":{"line":12,"column":121}},{"start":{"line":12,"column":124},"end":{"line":12,"column":134}}],"line":12},"5":{"loc":{"start":{"line":12,"column":25},"end":{"line":12,"column":112}},"type":"binary-expr","locations":[{"start":{"line":12,"column":25},"end":{"line":12,"column":95}},{"start":{"line":12,"column":99},"end":{"line":12,"column":112}}],"line":12},"6":{"loc":{"start":{"line":13,"column":30},"end":{"line":13,"column":102}},"type":"binary-expr","locations":[{"start":{"line":13,"column":30},"end":{"line":13,"column":96}},{"start":{"line":13,"column":100},"end":{"line":13,"column":102}}],"line":13},"7":{"loc":{"start":{"line":14,"column":24},"end":{"line":14,"column":142}},"type":"binary-expr","locations":[{"start":{"line":14,"column":25},"end":{"line":14,"column":135}},{"start":{"line":14,"column":140},"end":{"line":14,"column":142}}],"line":14},"8":{"loc":{"start":{"line":14,"column":25},"end":{"line":14,"column":135}},"type":"cond-expr","locations":[{"start":{"line":14,"column":116},"end":{"line":14,"column":122}},{"start":{"line":14,"column":125},"end":{"line":14,"column":135}}],"line":14},"9":{"loc":{"start":{"line":14,"column":25},"end":{"line":14,"column":113}},"type":"binary-expr","locations":[{"start":{"line":14,"column":25},"end":{"line":14,"column":96}},{"start":{"line":14,"column":100},"end":{"line":14,"column":113}}],"line":14},"10":{"loc":{"start":{"line":15,"column":26},"end":{"line":15,"column":136}},"type":"binary-expr","locations":[{"start":{"line":15,"column":27},"end":{"line":15,"column":129}},{"start":{"line":15,"column":134},"end":{"line":15,"column":136}}],"line":15},"11":{"loc":{"start":{"line":15,"column":27},"end":{"line":15,"column":129}},"type":"cond-expr","locations":[{"start":{"line":15,"column":113},"end":{"line":15,"column":119}},{"start":{"line":15,"column":122},"end":{"line":15,"column":129}}],"line":15},"12":{"loc":{"start":{"line":15,"column":27},"end":{"line":15,"column":110}},"type":"binary-expr","locations":[{"start":{"line":15,"column":27},"end":{"line":15,"column":93}},{"start":{"line":15,"column":97},"end":{"line":15,"column":110}}],"line":15},"13":{"loc":{"start":{"line":16,"column":22},"end":{"line":16,"column":121}},"type":"binary-expr","locations":[{"start":{"line":16,"column":23},"end":{"line":16,"column":114}},{"start":{"line":16,"column":119},"end":{"line":16,"column":121}}],"line":16},"14":{"loc":{"start":{"line":16,"column":23},"end":{"line":16,"column":114}},"type":"cond-expr","locations":[{"start":{"line":16,"column":91},"end":{"line":16,"column":97}},{"start":{"line":16,"column":100},"end":{"line":16,"column":114}}],"line":16},"15":{"loc":{"start":{"line":16,"column":23},"end":{"line":16,"column":88}},"type":"binary-expr","locations":[{"start":{"line":16,"column":23},"end":{"line":16,"column":71}},{"start":{"line":16,"column":75},"end":{"line":16,"column":88}}],"line":16}},"s":{"0":0,"1":0,"2":0,"3":0,"4":0,"5":0,"6":0,"7":0,"8":0,"9":0,"10":0,"11":0,"12":0},"f":{"0":0,"1":0},"b":{"0":[0,0],"1":[0,0],"2":[0,0],"3":[0,0],"4":[0,0],"5":[0,0],"6":[0,0],"7":[0,0],"8":[0,0],"9":[0,0],"10":[0,0],"11":[0,0],"12":[0,0],"13":[0,0],"14":[0,0],"15":[0,0]}}
,"/Users/eren.kara/dev/trendyol/seoextension/src/crawler/performance-crawler.ts": {"path":"/Users/eren.kara/dev/trendyol/seoextension/src/crawler/performance-crawler.ts","statementMap":{"0":{"start":{"line":2,"column":0},"end":{"line":2,"column":62}},"1":{"start":{"line":3,"column":0},"end":{"line":3,"column":36}},"2":{"start":{"line":4,"column":20},"end":{"line":4,"column":43}},"3":{"start":{"line":7,"column":8},"end":{"line":7,"column":57}},"4":{"start":{"line":10,"column":28},"end":{"line":10,"column":46}},"5":{"start":{"line":12,"column":53},"end":{"line":12,"column":54}},"6":{"start":{"line":13,"column":8},"end":{"line":20,"column":9}},"7":{"start":{"line":15,"column":12},"end":{"line":15,"column":76}},"8":{"start":{"line":16,"column":95},"end":{"line":16,"column":110}},"9":{"start":{"line":17,"column":12},"end":{"line":17,"column":59}},"10":{"start":{"line":18,"column":12},"end":{"line":18,"column":48}},"11":{"start":{"line":19,"column":12},"end":{"line":19,"column":38}},"12":{"start":{"line":21,"column":8},"end":{"line":23,"column":9}},"13":{"start":{"line":22,"column":12},"end":{"line":22,"column":74}},"14":{"start":{"line":24,"column":8},"end":{"line":29,"column":10}},"15":{"start":{"line":32,"column":0},"end":{"line":32,"column":48}}},"fnMap":{"0":{"name":"(anonymous_0)","decl":{"start":{"line":6,"column":4},"end":{"line":6,"column":5}},"loc":{"start":{"line":6,"column":18},"end":{"line":8,"column":5}},"line":6},"1":{"name":"(anonymous_1)","decl":{"start":{"line":9,"column":4},"end":{"line":9,"column":5}},"loc":{"start":{"line":9,"column":14},"end":{"line":30,"column":5}},"line":9}},"branchMap":{"0":{"loc":{"start":{"line":13,"column":8},"end":{"line":20,"column":9}},"type":"if","locations":[{"start":{"line":13,"column":8},"end":{"line":20,"column":9}},{"start":{},"end":{}}],"line":13},"1":{"loc":{"start":{"line":13,"column":12},"end":{"line":14,"column":61}},"type":"binary-expr","locations":[{"start":{"line":13,"column":12},"end":{"line":13,"column":69}},{"start":{"line":14,"column":12},"end":{"line":14,"column":61}}],"line":13},"2":{"loc":{"start":{"line":21,"column":8},"end":{"line":23,"column":9}},"type":"if","locations":[{"start":{"line":21,"column":8},"end":{"line":23,"column":9}},{"start":{},"end":{}}],"line":21},"3":{"loc":{"start":{"line":21,"column":12},"end":{"line":21,"column":116}},"type":"binary-expr","locations":[{"start":{"line":21,"column":12},"end":{"line":21,"column":64}},{"start":{"line":21,"column":68},"end":{"line":21,"column":116}}],"line":21},"4":{"loc":{"start":{"line":22,"column":18},"end":{"line":22,"column":73}},"type":"binary-expr","locations":[{"start":{"line":22,"column":18},"end":{"line":22,"column":68}},{"start":{"line":22,"column":72},"end":{"line":22,"column":73}}],"line":22}},"s":{"0":1,"1":1,"2":1,"3":0,"4":0,"5":0,"6":0,"7":0,"8":0,"9":0,"10":0,"11":0,"12":0,"13":0,"14":0,"15":1},"f":{"0":0,"1":0},"b":{"0":[0,0],"1":[0,0],"2":[0,0],"3":[0,0],"4":[0,0]},"_coverageSchema":"1a1c01bbd47fc00a2c39e90264f33305004495a9","hash":"19e60f2c899e5b82c99e06dbede9d090dbafb45a"}
}
